<?xml version="1.0" encoding="UTF-8"?>
<!-- Generated by org.testng.reporters.JUnitXMLReporter -->
<testsuite hostname="Yuliia-PC" ignored="0" name="Logger_Reporting" tests="1" failures="1" timestamp="23 лют. 2020 20:48:35 GMT" time="0.582" errors="0">
  <testcase name="testLogger" time="0.212" classname="com.mkyong.LoginTest">
    <failure type="java.lang.AssertionError" message="expected [true] but found [false]">
      <![CDATA[java.lang.AssertionError: expected [true] but found [false]
at com.mkyong.LoginTest.login(LoginTest.java:44)
at com.mkyong.LoginTest.testLogger(LoginTest.java:23)
... Removed 32 stack frames]]>
    </failure>
  </testcase> <!-- testLogger -->
</testsuite> <!-- Logger_Reporting -->
