<?xml version="1.0" encoding="UTF-8"?>
<testsuite xmlns:xsi="http://www.w3.org/2001/XMLSchema-instance" xsi:noNamespaceSchemaLocation="https://maven.apache.org/surefire/maven-surefire-plugin/xsd/surefire-test-report.xsd" name="TestSuite" time="2.824" tests="1" errors="0" skipped="0" failures="1">
  <properties>
[...]
</properties>
  <testcase name="testLogger" classname="com.mkyong.LoginTest" time="0.453">
    <failure message="expected [true] but found [false]" type="java.lang.AssertionError">java.lang.AssertionError: expected [true] but found [false]
	at com.mkyong.LoginTest.login(LoginTest.java:44)
	at com.mkyong.LoginTest.testLogger(LoginTest.java:23)
</failure>
    <system-out><![CDATA[2020-02-26 16:47:01 DEBUG LoginTest:29 - This is debug : mkyong
2020-02-26 16:47:01 INFO  LoginTest:33 - This is info : mkyong
2020-02-26 16:47:01 WARN  LoginTest:36 - This is warn : mkyong
2020-02-26 16:47:01 ERROR LoginTest:37 - This is error : mkyong
2020-02-26 16:47:01 FATAL LoginTest:38 - This is fatal : mkyong
2020-02-26 16:47:01 INFO  LoginTest:43 - Log in as testUser
]]></system-out>
    <system-err><![CDATA[SLF4J: Failed to load class "org.slf4j.impl.StaticLoggerBinder".
SLF4J: Defaulting to no-operation (NOP) logger implementation
SLF4J: See http://www.slf4j.org/codes.html#StaticLoggerBinder for further details.
]]></system-err>
  </testcase>
</testsuite>