-------------------------------------------------------------------------------
Test set: TestSuite
-------------------------------------------------------------------------------
Tests run: 1, Failures: 1, Errors: 0, Skipped: 0, Time elapsed: 3.005 s <<< FAILURE! - in TestSuite
testLogger(com.mkyong.LoginTest)  Time elapsed: 0.261 s  <<< FAILURE!
java.lang.AssertionError: expected [true] but found [false]
	at com.mkyong.LoginTest.login(LoginTest.java:44)
	at com.mkyong.LoginTest.testLogger(LoginTest.java:23)

